{
  "RSpec": {
    "coverage": {
      "/Users/nick/Downloads/cs362_coad/cs362-cold-beverages-48b58ed1/spec/chiller_spec.rb": {
        "lines": [
          1,
          1,
          null,
          1,
          1,
          1,
          null,
          1,
          1,
          null,
          null,
          1,
          1,
          1,
          null,
          1,
          null,
          1,
          null,
          null,
          1,
          1,
          null,
          1,
          null,
          1,
          null,
          null
        ]
      },
      "/Users/nick/Downloads/cs362_coad/cs362-cold-beverages-48b58ed1/lib/chiller.rb": {
        "lines": [
          1,
          null,
          1,
          null,
          1,
          null,
          1,
          8,
          8,
          8,
          8,
          null,
          null,
          1,
          1,
          null,
          null,
          1,
          0,
          null,
          null,
          1,
          2,
          null,
          null,
          1,
          5,
          null,
          null,
          1,
          2,
          null,
          null,
          null
        ]
      },
      "/Users/nick/Downloads/cs362_coad/cs362-cold-beverages-48b58ed1/lib/item.rb": {
        "lines": [
          1,
          1,
          null,
          1,
          5,
          5,
          null,
          null
        ]
      },
      "/Users/nick/Downloads/cs362_coad/cs362-cold-beverages-48b58ed1/spec/example_spec.rb": {
        "lines": [
          1,
          1,
          1,
          null,
          null
        ]
      },
      "/Users/nick/Downloads/cs362_coad/cs362-cold-beverages-48b58ed1/spec/freezer_spec.rb": {
        "lines": [
          1,
          1,
          null,
          1,
          1,
          1,
          null,
          1,
          1,
          null,
          null,
          1,
          1,
          1,
          null,
          1,
          null,
          1,
          null,
          null,
          1,
          1,
          null,
          1,
          null,
          1,
          null,
          null
        ]
      },
      "/Users/nick/Downloads/cs362_coad/cs362-cold-beverages-48b58ed1/lib/freezer.rb": {
        "lines": [
          1,
          null,
          1,
          null,
          1,
          null,
          1,
          8,
          8,
          8,
          8,
          null,
          null,
          1,
          1,
          null,
          null,
          1,
          0,
          null,
          null,
          1,
          2,
          null,
          null,
          1,
          5,
          null,
          null,
          1,
          2,
          null,
          null,
          null
        ]
      },
      "/Users/nick/Downloads/cs362_coad/cs362-cold-beverages-48b58ed1/spec/item_spec.rb": {
        "lines": [
          1,
          null,
          1,
          1,
          1,
          1,
          1,
          null,
          null
        ]
      },
      "/Users/nick/Downloads/cs362_coad/cs362-cold-beverages-48b58ed1/spec/refrigerator_spec.rb": {
        "lines": [
          1,
          1,
          1,
          1,
          1,
          1,
          null,
          1,
          1,
          1,
          1,
          1,
          1,
          1,
          null,
          1,
          null,
          null,
          1,
          1,
          1,
          1,
          1,
          1,
          null,
          1,
          null,
          null,
          1,
          1,
          1,
          1,
          1,
          1,
          null,
          1,
          1,
          null,
          1,
          null,
          null,
          1,
          1,
          1,
          1,
          1,
          1,
          null,
          1,
          null,
          1,
          null,
          1,
          null,
          null,
          1,
          1,
          1,
          1,
          1,
          1,
          null,
          1,
          1,
          null,
          1,
          1,
          null,
          null
        ]
      },
      "/Users/nick/Downloads/cs362_coad/cs362-cold-beverages-48b58ed1/lib/refrigerator.rb": {
        "lines": [
          1,
          1,
          null,
          1,
          5,
          5,
          5,
          5,
          5,
          null,
          null,
          1,
          1,
          null,
          null,
          1,
          1,
          null,
          null,
          1,
          3,
          null,
          null,
          1,
          4,
          null,
          null,
          1,
          1,
          1,
          1,
          null,
          null,
          1,
          0,
          0,
          0,
          null,
          null,
          1,
          1,
          null,
          null,
          1,
          1,
          null,
          null,
          1,
          2,
          null,
          null,
          null,
          null,
          null,
          null,
          null
        ]
      },
      "/Users/nick/Downloads/cs362_coad/cs362-cold-beverages-48b58ed1/lib/water_dispenser.rb": {
        "lines": [
          1,
          1,
          null,
          1,
          8,
          null,
          null,
          1,
          2,
          2,
          null,
          null
        ]
      },
      "/Users/nick/Downloads/cs362_coad/cs362-cold-beverages-48b58ed1/lib/water_reservoir.rb": {
        "lines": [
          1,
          1,
          1,
          null,
          1,
          14,
          14,
          null,
          null,
          1,
          2,
          null,
          null,
          1,
          1,
          null,
          null,
          1,
          4,
          null,
          null
        ]
      },
      "/Users/nick/Downloads/cs362_coad/cs362-cold-beverages-48b58ed1/spec/vessel_spec.rb": {
        "lines": [
          1,
          null,
          1,
          1,
          1,
          1,
          1,
          null,
          null,
          1,
          1,
          1,
          null,
          null,
          1,
          1,
          1,
          1,
          null,
          null
        ]
      },
      "/Users/nick/Downloads/cs362_coad/cs362-cold-beverages-48b58ed1/lib/vessel.rb": {
        "lines": [
          1,
          1,
          null,
          1,
          5,
          5,
          5,
          null,
          null,
          1,
          4,
          null,
          null,
          1,
          3,
          null,
          null
        ]
      },
      "/Users/nick/Downloads/cs362_coad/cs362-cold-beverages-48b58ed1/spec/water_dispenser_spec.rb": {
        "lines": [
          1,
          1,
          1,
          null,
          1,
          1,
          1,
          1,
          null,
          1,
          null,
          null,
          1,
          1,
          1,
          1,
          null,
          1,
          null,
          1,
          null,
          null,
          1,
          1,
          1,
          1,
          null,
          1,
          null,
          1,
          null,
          1,
          null,
          null
        ]
      },
      "/Users/nick/Downloads/cs362_coad/cs362-cold-beverages-48b58ed1/spec/water_reservoir_spec.rb": {
        "lines": [
          1,
          null,
          1,
          1,
          1,
          null,
          1,
          1,
          null,
          null,
          1,
          1,
          null,
          1,
          null,
          null,
          1,
          1,
          null,
          1,
          null,
          null,
          1,
          1,
          null,
          1,
          null,
          1,
          null,
          null,
          1,
          1,
          null,
          1,
          null,
          1,
          null,
          null,
          1,
          1,
          null,
          1,
          null,
          1,
          null,
          null
        ]
      }
    },
    "timestamp": 1773343484
  }
}
